# JRE version: Java(TM) SE Runtime Environment (8.0_201-b09) (build 1.8.0_201-b09)
# Java VM: Java HotSpot(TM) 64-Bit Server VM (25.201-b09 mixed mode windows-amd64 compressed oops)
Heap:
 PSYoungGen      total 51200K, used 37004K [0x00000000d5c00000, 0x00000000da700000, 0x0000000100000000)
  eden space 46080K, 69% used [0x00000000d5c00000,0x00000000d7b3c1a0,0x00000000d8900000)
  from space 5120K, 98% used [0x00000000d8a00000,0x00000000d8ee71f0,0x00000000d8f00000)
  to   space 15360K, 0% used [0x00000000d9800000,0x00000000d9800000,0x00000000da700000)
 ParOldGen       total 141312K, used 87526K [0x0000000081400000, 0x0000000089e00000, 0x00000000d5c00000)
  object space 141312K, 61% used [0x0000000081400000,0x0000000086979a00,0x0000000089e00000)
 Metaspace       used 20341K, capacity 21592K, committed 21760K, reserved 1069056K
  class space    used 2781K, capacity 3064K, committed 3072K, reserved 1048576K
GC Heap History (10 events):
Event: 182.623 GC heap before
{Heap before GC invocations=58 (full 1):
 PSYoungGen      total 67584K, used 56065K [0x00000000d5c00000, 0x00000000db100000, 0x0000000100000000)
  eden space 51200K, 100% used [0x00000000d5c00000,0x00000000d8e00000,0x00000000d8e00000)
  from space 16384K, 29% used [0x00000000da100000,0x00000000da5c05b0,0x00000000db100000)
  to   space 17920K, 0% used [0x00000000d8e00000,0x00000000d8e00000,0x00000000d9f80000)
 ParOldGen       total 141312K, used 86050K [0x0000000081400000, 0x0000000089e00000, 0x00000000d5c00000)
  object space 141312K, 60% used [0x0000000081400000,0x0000000086808800,0x0000000089e00000)
 Metaspace       used 20245K, capacity 21552K, committed 21760K, reserved 1069056K
  class space    used 2774K, capacity 3058K, committed 3072K, reserved 1048576K
Event: 182.628 GC heap after
Heap after GC invocations=58 (full 1):
 PSYoungGen      total 54784K, used 4254K [0x00000000d5c00000, 0x00000000db000000, 0x0000000100000000)
  eden space 50176K, 0% used [0x00000000d5c00000,0x00000000d5c00000,0x00000000d8d00000)
  from space 4608K, 92% used [0x00000000d8e00000,0x00000000d9227850,0x00000000d9280000)
  to   space 17920K, 0% used [0x00000000d9e80000,0x00000000d9e80000,0x00000000db000000)
 ParOldGen       total 141312K, used 86178K [0x0000000081400000, 0x0000000089e00000, 0x00000000d5c00000)
  object space 141312K, 60% used [0x0000000081400000,0x0000000086828800,0x0000000089e00000)
 Metaspace       used 20245K, capacity 21552K, committed 21760K, reserved 1069056K
  class space    used 2774K, capacity 3058K, committed 3072K, reserved 1048576K
}
Event: 186.739 GC heap before
{Heap before GC invocations=59 (full 1):
 PSYoungGen      total 54784K, used 54430K [0x00000000d5c00000, 0x00000000db000000, 0x0000000100000000)
  eden space 50176K, 100% used [0x00000000d5c00000,0x00000000d8d00000,0x00000000d8d00000)
  from space 4608K, 92% used [0x00000000d8e00000,0x00000000d9227850,0x00000000d9280000)
  to   space 17920K, 0% used [0x00000000d9e80000,0x00000000d9e80000,0x00000000db000000)
 ParOldGen       total 141312K, used 86178K [0x0000000081400000, 0x0000000089e00000, 0x00000000d5c00000)
  object space 141312K, 60% used [0x0000000081400000,0x0000000086828800,0x0000000089e00000)
 Metaspace       used 20257K, capacity 21556K, committed 21760K, reserved 1069056K
  class space    used 2774K, capacity 3058K, committed 3072K, reserved 1048576K
Event: 186.741 GC heap after
Heap after GC invocations=59 (full 1):
 PSYoungGen      total 64000K, used 6048K [0x00000000d5c00000, 0x00000000dad00000, 0x0000000100000000)
  eden space 49152K, 0% used [0x00000000d5c00000,0x00000000d5c00000,0x00000000d8c00000)
  from space 14848K, 40% used [0x00000000d9e80000,0x00000000da4682b0,0x00000000dad00000)
  to   space 16896K, 0% used [0x00000000d8c00000,0x00000000d8c00000,0x00000000d9c80000)
 ParOldGen       total 141312K, used 86251K [0x0000000081400000, 0x0000000089e00000, 0x00000000d5c00000)
  object space 141312K, 61% used [0x0000000081400000,0x000000008683ac10,0x0000000089e00000)
 Metaspace       used 20257K, capacity 21556K, committed 21760K, reserved 1069056K
  class space    used 2774K, capacity 3058K, committed 3072K, reserved 1048576K
}
Event: 190.501 GC heap before
{Heap before GC invocations=60 (full 1):
 PSYoungGen      total 64000K, used 55200K [0x00000000d5c00000, 0x00000000dad00000, 0x0000000100000000)
  eden space 49152K, 100% used [0x00000000d5c00000,0x00000000d8c00000,0x00000000d8c00000)
  from space 14848K, 40% used [0x00000000d9e80000,0x00000000da4682b0,0x00000000dad00000)
  to   space 16896K, 0% used [0x00000000d8c00000,0x00000000d8c00000,0x00000000d9c80000)
 ParOldGen       total 141312K, used 86251K [0x0000000081400000, 0x0000000089e00000, 0x00000000d5c00000)
  object space 141312K, 61% used [0x0000000081400000,0x000000008683ac10,0x0000000089e00000)
 Metaspace       used 20257K, capacity 21556K, committed 21760K, reserved 1069056K
  class space    used 2774K, capacity 3058K, committed 3072K, reserved 1048576K
Event: 190.503 GC heap after
Heap after GC invocations=60 (full 1):
 PSYoungGen      total 54272K, used 5969K [0x00000000d5c00000, 0x00000000dab00000, 0x0000000100000000)
  eden space 48128K, 0% used [0x00000000d5c00000,0x00000000d5c00000,0x00000000d8b00000)
  from space 6144K, 97% used [0x00000000d8c00000,0x00000000d91d46e0,0x00000000d9200000)
  to   space 16384K, 0% used [0x00000000d9b00000,0x00000000d9b00000,0x00000000dab00000)
 ParOldGen       total 141312K, used 86460K [0x0000000081400000, 0x0000000089e00000, 0x00000000d5c00000)
  object space 141312K, 61% used [0x0000000081400000,0x000000008686f020,0x0000000089e00000)
 Metaspace       used 20257K, capacity 21556K, committed 21760K, reserved 1069056K
  class space    used 2774K, capacity 3058K, committed 3072K, reserved 1048576K
}
Event: 193.839 GC heap before
{Heap before GC invocations=61 (full 1):
 PSYoungGen      total 54272K, used 54097K [0x00000000d5c00000, 0x00000000dab00000, 0x0000000100000000)
  eden space 48128K, 100% used [0x00000000d5c00000,0x00000000d8b00000,0x00000000d8b00000)
  from space 6144K, 97% used [0x00000000d8c00000,0x00000000d91d46e0,0x00000000d9200000)
  to   space 16384K, 0% used [0x00000000d9b00000,0x00000000d9b00000,0x00000000dab00000)
 ParOldGen       total 141312K, used 86460K [0x0000000081400000, 0x0000000089e00000, 0x00000000d5c00000)
  object space 141312K, 61% used [0x0000000081400000,0x000000008686f020,0x0000000089e00000)
 Metaspace       used 20258K, capacity 21556K, committed 21760K, reserved 1069056K
  class space    used 2775K, capacity 3058K, committed 3072K, reserved 1048576K
Event: 193.843 GC heap after
Heap after GC invocations=61 (full 1):
 PSYoungGen      total 61440K, used 4949K [0x00000000d5c00000, 0x00000000da900000, 0x0000000100000000)
  eden space 47104K, 0% used [0x00000000d5c00000,0x00000000d5c00000,0x00000000d8a00000)
  from space 14336K, 34% used [0x00000000d9b00000,0x00000000d9fd55a0,0x00000000da900000)
  to   space 15872K, 0% used [0x00000000d8a00000,0x00000000d8a00000,0x00000000d9980000)
 ParOldGen       total 141312K, used 87486K [0x0000000081400000, 0x0000000089e00000, 0x00000000d5c00000)
  object space 141312K, 61% used [0x0000000081400000,0x000000008696fa00,0x0000000089e00000)
 Metaspace       used 20258K, capacity 21556K, committed 21760K, reserved 1069056K
  class space    used 2775K, capacity 3058K, committed 3072K, reserved 1048576K
}
Event: 196.742 GC heap before
{Heap before GC invocations=62 (full 1):
 PSYoungGen      total 61440K, used 52053K [0x00000000d5c00000, 0x00000000da900000, 0x0000000100000000)
  eden space 47104K, 100% used [0x00000000d5c00000,0x00000000d8a00000,0x00000000d8a00000)
  from space 14336K, 34% used [0x00000000d9b00000,0x00000000d9fd55a0,0x00000000da900000)
  to   space 15872K, 0% used [0x00000000d8a00000,0x00000000d8a00000,0x00000000d9980000)
 ParOldGen       total 141312K, used 87486K [0x0000000081400000, 0x0000000089e00000, 0x00000000d5c00000)
  object space 141312K, 61% used [0x0000000081400000,0x000000008696fa00,0x0000000089e00000)
 Metaspace       used 20263K, capacity 21556K, committed 21760K, reserved 1069056K
  class space    used 2775K, capacity 3058K, committed 3072K, reserved 1048576K
Event: 196.745 GC heap after
Heap after GC invocations=62 (full 1):
 PSYoungGen      total 51200K, used 5020K [0x00000000d5c00000, 0x00000000da700000, 0x0000000100000000)
  eden space 46080K, 0% used [0x00000000d5c00000,0x00000000d5c00000,0x00000000d8900000)
  from space 5120K, 98% used [0x00000000d8a00000,0x00000000d8ee71f0,0x00000000d8f00000)
  to   space 15360K, 0% used [0x00000000d9800000,0x00000000d9800000,0x00000000da700000)
 ParOldGen       total 141312K, used 87526K [0x0000000081400000, 0x0000000089e00000, 0x00000000d5c00000)
  object space 141312K, 61% used [0x0000000081400000,0x0000000086979a00,0x0000000089e00000)
 Metaspace       used 20263K, capacity 21556K, committed 21760K, reserved 1069056K
  class space    used 2775K, capacity 3058K, committed 3072K, reserved 1048576K
}

